<?xml version="1.0" encoding="UTF-8"?>
<testsuite name="TestRunner" tests="5" skipped="0" failures="0" errors="0" timestamp="2023-03-03T06:41:24" hostname="DESKTOP-6Q6ORF6" time="66.187">
  <properties/>
  <testcase name="doSum" classname="TestRunner" time="15.913"/>
  <testcase name="doSub" classname="TestRunner" time="9.78"/>
  <testcase name="doMulti" classname="TestRunner" time="10.699"/>
  <testcase name="doDiv" classname="TestRunner" time="10.673"/>
  <testcase name="doSeries" classname="TestRunner" time="18.759"/>
  <system-out><![CDATA[]]></system-out>
  <system-err><![CDATA[]]></system-err>
</testsuite>
